# JRE version: OpenJDK Runtime Environment (17.0.6) (build 17.0.6+0-b2043.56-10027231)
# Java VM: OpenJDK 64-Bit Server VM (17.0.6+0-b2043.56-10027231, mixed mode, tiered, compressed oops, compressed class ptrs, g1 gc, windows-amd64)
GC Precious Log:
 CPUs: 12 total, 12 available
 Memory: 6005M
 Large Page Support: Disabled
 NUMA Support: Disabled
 Compressed Oops: Enabled (32-bit)
 Heap Region Size: 1M
 Heap Min Capacity: 8M
 Heap Initial Capacity: 94M
 Heap Max Capacity: 2G
 Pre-touch: Disabled
 Parallel Workers: 10
 Concurrent Workers: 3
 Concurrent Refinement Workers: 10
 Periodic GC: Disabled
Heap:
 garbage-first heap   total 331776K, used 297773K [0x0000000080000000, 0x0000000100000000)
  region size 1024K, 11 young (11264K), 2 survivors (2048K)
 Metaspace       used 180423K, committed 181696K, reserved 1212416K
  class space    used 23548K, committed 24128K, reserved 1048576K
GC Heap History (20 events):
Event: 40.701 GC heap before
{Heap before GC invocations=76 (full 0):
 garbage-first heap   total 331776K, used 296622K [0x0000000080000000, 0x0000000100000000)
  region size 1024K, 16 young (16384K), 2 survivors (2048K)
 Metaspace       used 176844K, committed 177984K, reserved 1204224K
  class space    used 23085K, committed 23616K, reserved 1048576K
}
Event: 40.704 GC heap after
{Heap after GC invocations=77 (full 0):
 garbage-first heap   total 331776K, used 284095K [0x0000000080000000, 0x0000000100000000)
  region size 1024K, 1 young (1024K), 1 survivors (1024K)
 Metaspace       used 176844K, committed 177984K, reserved 1204224K
  class space    used 23085K, committed 23616K, reserved 1048576K
}
Event: 40.864 GC heap before
{Heap before GC invocations=77 (full 0):
 garbage-first heap   total 331776K, used 299455K [0x0000000080000000, 0x0000000100000000)
  region size 1024K, 16 young (16384K), 1 survivors (1024K)
 Metaspace       used 177552K, committed 178688K, reserved 1204224K
  class space    used 23175K, committed 23744K, reserved 1048576K
}
Event: 40.867 GC heap after
{Heap after GC invocations=78 (full 0):
 garbage-first heap   total 331776K, used 285689K [0x0000000080000000, 0x0000000100000000)
  region size 1024K, 2 young (2048K), 2 survivors (2048K)
 Metaspace       used 177552K, committed 178688K, reserved 1204224K
  class space    used 23175K, committed 23744K, reserved 1048576K
}
Event: 41.090 GC heap before
{Heap before GC invocations=78 (full 0):
 garbage-first heap   total 331776K, used 299001K [0x0000000080000000, 0x0000000100000000)
  region size 1024K, 16 young (16384K), 2 survivors (2048K)
 Metaspace       used 179296K, committed 180480K, reserved 1212416K
  class space    used 23418K, committed 24000K, reserved 1048576K
}
Event: 41.093 GC heap after
{Heap after GC invocations=79 (full 0):
 garbage-first heap   total 331776K, used 287573K [0x0000000080000000, 0x0000000100000000)
  region size 1024K, 2 young (2048K), 2 survivors (2048K)
 Metaspace       used 179296K, committed 180480K, reserved 1212416K
  class space    used 23418K, committed 24000K, reserved 1048576K
}
Event: 199.553 GC heap before
{Heap before GC invocations=79 (full 0):
 garbage-first heap   total 331776K, used 301909K [0x0000000080000000, 0x0000000100000000)
  region size 1024K, 16 young (16384K), 2 survivors (2048K)
 Metaspace       used 179805K, committed 180992K, reserved 1212416K
  class space    used 23492K, committed 24064K, reserved 1048576K
}
Event: 199.568 GC heap after
{Heap after GC invocations=80 (full 0):
 garbage-first heap   total 331776K, used 287743K [0x0000000080000000, 0x0000000100000000)
  region size 1024K, 1 young (1024K), 1 survivors (1024K)
 Metaspace       used 179805K, committed 180992K, reserved 1212416K
  class space    used 23492K, committed 24064K, reserved 1048576K
}
Event: 1022.008 GC heap before
{Heap before GC invocations=80 (full 0):
 garbage-first heap   total 331776K, used 303103K [0x0000000080000000, 0x0000000100000000)
  region size 1024K, 16 young (16384K), 1 survivors (1024K)
 Metaspace       used 179926K, committed 181120K, reserved 1212416K
  class space    used 23492K, committed 24064K, reserved 1048576K
}
Event: 1022.052 GC heap after
{Heap after GC invocations=81 (full 0):
 garbage-first heap   total 331776K, used 287620K [0x0000000080000000, 0x0000000100000000)
  region size 1024K, 1 young (1024K), 1 survivors (1024K)
 Metaspace       used 179926K, committed 181120K, reserved 1212416K
  class space    used 23492K, committed 24064K, reserved 1048576K
}
Event: 1851.992 GC heap before
{Heap before GC invocations=81 (full 0):
 garbage-first heap   total 331776K, used 302980K [0x0000000080000000, 0x0000000100000000)
  region size 1024K, 16 young (16384K), 1 survivors (1024K)
 Metaspace       used 179998K, committed 181184K, reserved 1212416K
  class space    used 23492K, committed 24064K, reserved 1048576K
}
Event: 1852.036 GC heap after
{Heap after GC invocations=82 (full 0):
 garbage-first heap   total 331776K, used 287596K [0x0000000080000000, 0x0000000100000000)
  region size 1024K, 1 young (1024K), 1 survivors (1024K)
 Metaspace       used 179998K, committed 181184K, reserved 1212416K
  class space    used 23492K, committed 24064K, reserved 1048576K
}
Event: 2667.428 GC heap before
{Heap before GC invocations=82 (full 0):
 garbage-first heap   total 331776K, used 302956K [0x0000000080000000, 0x0000000100000000)
  region size 1024K, 16 young (16384K), 1 survivors (1024K)
 Metaspace       used 180040K, committed 181248K, reserved 1212416K
  class space    used 23492K, committed 24064K, reserved 1048576K
}
Event: 2667.498 GC heap after
{Heap after GC invocations=83 (full 0):
 garbage-first heap   total 331776K, used 287590K [0x0000000080000000, 0x0000000100000000)
  region size 1024K, 1 young (1024K), 1 survivors (1024K)
 Metaspace       used 180040K, committed 181248K, reserved 1212416K
  class space    used 23492K, committed 24064K, reserved 1048576K
}
Event: 3406.552 GC heap before
{Heap before GC invocations=83 (full 0):
 garbage-first heap   total 331776K, used 302950K [0x0000000080000000, 0x0000000100000000)
  region size 1024K, 16 young (16384K), 1 survivors (1024K)
 Metaspace       used 180075K, committed 181248K, reserved 1212416K
  class space    used 23498K, committed 24064K, reserved 1048576K
}
Event: 3406.576 GC heap after
{Heap after GC invocations=84 (full 0):
 garbage-first heap   total 331776K, used 287839K [0x0000000080000000, 0x0000000100000000)
  region size 1024K, 1 young (1024K), 1 survivors (1024K)
 Metaspace       used 180075K, committed 181248K, reserved 1212416K
  class space    used 23498K, committed 24064K, reserved 1048576K
}
Event: 3410.323 GC heap before
{Heap before GC invocations=84 (full 0):
 garbage-first heap   total 331776K, used 303199K [0x0000000080000000, 0x0000000100000000)
  region size 1024K, 16 young (16384K), 1 survivors (1024K)
 Metaspace       used 180192K, committed 181440K, reserved 1212416K
  class space    used 23519K, committed 24128K, reserved 1048576K
}
Event: 3410.357 GC heap after
{Heap after GC invocations=85 (full 0):
 garbage-first heap   total 331776K, used 288913K [0x0000000080000000, 0x0000000100000000)
  region size 1024K, 2 young (2048K), 2 survivors (2048K)
 Metaspace       used 180192K, committed 181440K, reserved 1212416K
  class space    used 23519K, committed 24128K, reserved 1048576K
}
Event: 3411.935 GC heap before
{Heap before GC invocations=85 (full 0):
 garbage-first heap   total 331776K, used 302225K [0x0000000080000000, 0x0000000100000000)
  region size 1024K, 16 young (16384K), 2 survivors (2048K)
 Metaspace       used 180210K, committed 181440K, reserved 1212416K
  class space    used 23519K, committed 24128K, reserved 1048576K
}
Event: 3411.998 GC heap after
{Heap after GC invocations=86 (full 0):
 garbage-first heap   total 331776K, used 290605K [0x0000000080000000, 0x0000000100000000)
  region size 1024K, 2 young (2048K), 2 survivors (2048K)
 Metaspace       used 180210K, committed 181440K, reserved 1212416K
  class space    used 23519K, committed 24128K, reserved 1048576K
}

